#
# There is insufficient memory for the Java Runtime Environment to continue.
# Native memory allocation (malloc) failed to allocate 2186576 bytes for Chunk::new
# Possible reasons:
#   The system is out of physical RAM or swap space
#   In 32 bit mode, the process size limit was hit
# Possible solutions:
#   Reduce memory load on the system
#   Increase physical memory or swap space
#   Check if swap backing store is full
#   Use 64 bit Java on a 64 bit OS
#   Decrease Java heap size (-Xmx/-Xms)
#   Decrease number of Java threads
#   Decrease Java thread stack sizes (-Xss)
#   Set larger code cache with -XX:ReservedCodeCacheSize=
# This output file may be truncated or incomplete.
#
#  Out of Memory Error (allocation.cpp:390), pid=368, tid=0x0000000000001568
#
# JRE version: OpenJDK Runtime Environment (8.0_152-b01) (build 1.8.0_152-release-1248-b01)
# Java VM: OpenJDK 64-Bit Server VM (25.152-b01 mixed mode windows-amd64 compressed oops)
# Failed to write core dump. Minidumps are not enabled by default on client versions of Windows
#

---------------  T H R E A D  ---------------

Current thread (0x00000000168b0800):  JavaThread "C2 CompilerThread1" daemon [_thread_in_native, id=5480, stack(0x0000000018020000,0x0000000018120000)]

Stack: [0x0000000018020000,0x0000000018120000]
[error occurred during error reporting (printing stack bounds), id 0xc0000005]

Native frames: (J=compiled Java code, j=interpreted, Vv=VM code, C=native code)


Current CompileTask:
C2: 216341 14174       4       java.net.URLClassLoader$1::run (5 bytes)


---------------  P R O C E S S  ---------------

Java Threads: ( => current thread )
  0x0000000019f74800 JavaThread "Cache worker for Java compile cache (C:\MyNewProjects\Android_3.0\ComicsCamTest\.gradle\4.10.1\javaCompile)" [_thread_blocked, id=15208, stack(0x000000002a780000,0x000000002a880000)]
  0x0000000019f78000 JavaThread "Cache worker for Java compile cache (C:\Users\Alex\.gradle\caches\4.10.1\javaCompile)" [_thread_blocked, id=6048, stack(0x000000002a680000,0x000000002a780000)]
  0x0000000019f77800 JavaThread "stdout" [_thread_in_native, id=16668, stack(0x000000002a580000,0x000000002a680000)]
  0x0000000019f72000 JavaThread "stderr" [_thread_in_native, id=10964, stack(0x000000002a480000,0x000000002a580000)]
  0x0000000019f6d800 JavaThread "pool-18-thread-1" [_thread_blocked, id=9108, stack(0x000000002a380000,0x000000002a480000)]
  0x0000000019f6c800 JavaThread "ForkJoinPool.commonPool-worker-0" daemon [_thread_blocked, id=21864, stack(0x000000002a280000,0x000000002a380000)]
  0x0000000019f73800 JavaThread "Cache worker for Build Output Cleanup Cache (C:\MyNewProjects\Android_3.0\ComicsCamTest\.gradle\buildOutputCleanup)" [_thread_blocked, id=21096, stack(0x000000002a180000,0x000000002a280000)]
  0x0000000019f71000 JavaThread "Cache worker for task history cache (C:\MyNewProjects\Android_3.0\ComicsCamTest\.gradle\4.10.1\taskHistory)" [_thread_blocked, id=21512, stack(0x000000002a080000,0x000000002a180000)]
  0x000000001ecba800 JavaThread "Task worker for ':' Thread 3" [_thread_blocked, id=5876, stack(0x0000000029f80000,0x000000002a080000)]
  0x000000001ecb9000 JavaThread "Task worker for ':' Thread 2" [_thread_blocked, id=1556, stack(0x0000000029e80000,0x0000000029f80000)]
  0x000000001ecb8000 JavaThread "Task worker for ':'" [_thread_blocked, id=1248, stack(0x0000000029d80000,0x0000000029e80000)]
  0x000000001ecb9800 JavaThread "Cache worker for file content cache (C:\MyNewProjects\Android_3.0\ComicsCamTest\.gradle\4.10.1\fileContent)" [_thread_blocked, id=20376, stack(0x0000000029c80000,0x0000000029d80000)]
  0x000000001ecb5000 JavaThread "Build operations Thread 4" [_thread_blocked, id=21256, stack(0x0000000029b80000,0x0000000029c80000)]
  0x000000001ecb7800 JavaThread "Build operations Thread 3" [_thread_blocked, id=11860, stack(0x0000000029a80000,0x0000000029b80000)]
  0x000000001ecac800 JavaThread "Build operations Thread 2" [_thread_blocked, id=1744, stack(0x0000000029980000,0x0000000029a80000)]
  0x000000001ecb3800 JavaThread "Build operations" [_thread_blocked, id=22448, stack(0x0000000029880000,0x0000000029980000)]
  0x000000001ecae000 JavaThread "Cache worker for cache directory md-rule (C:\Users\Alex\.gradle\caches\4.10.1\md-rule)" [_thread_blocked, id=18008, stack(0x0000000029780000,0x0000000029880000)]
  0x000000001ecad800 JavaThread "Cache worker for cache directory md-supplier (C:\Users\Alex\.gradle\caches\4.10.1\md-supplier)" [_thread_blocked, id=19504, stack(0x0000000029680000,0x0000000029780000)]
  0x000000001ecab000 JavaThread "Cache worker for file hash cache (C:\MyNewProjects\Android_3.0\ComicsCamTest\.gradle\4.10.1\fileHashes)" [_thread_blocked, id=18140, stack(0x0000000029580000,0x0000000029680000)]
  0x000000001ecaf800 JavaThread "Stdin handler" [_thread_blocked, id=14432, stack(0x0000000029480000,0x0000000029580000)]
  0x000000001ecb2000 JavaThread "Asynchronous log dispatcher for DefaultDaemonConnection: socket connection from /127.0.0.1:38420 to /127.0.0.1:38578" [_thread_blocked, id=12448, stack(0x0000000029380000,0x0000000029480000)]
  0x000000001ecaf000 JavaThread "Cancel handler" [_thread_blocked, id=19452, stack(0x0000000029280000,0x0000000029380000)]
  0x000000001ecb1000 JavaThread "Handler for socket connection from /127.0.0.1:38420 to /127.0.0.1:38578" [_thread_in_native, id=17828, stack(0x0000000029180000,0x0000000029280000)]
  0x0000000019f6e000 JavaThread "Cache worker for file content cache (C:\Users\Alex\.gradle\caches\4.10.1\fileContent)" [_thread_blocked, id=10624, stack(0x0000000027380000,0x0000000027480000)]
  0x0000000019f72800 JavaThread "Daemon worker Thread 2" [_thread_in_Java, id=20840, stack(0x0000000024e80000,0x0000000024f80000)]
  0x000000001b3a8800 JavaThread "Daemon Thread 2" [_thread_blocked, id=7600, stack(0x0000000024b80000,0x0000000024c80000)]
  0x0000000019f6f800 JavaThread "Memory manager" [_thread_blocked, id=8900, stack(0x0000000021650000,0x0000000021750000)]
  0x0000000019f6c000 JavaThread "pool-1-thread-1" [_thread_blocked, id=6228, stack(0x0000000020f50000,0x0000000021050000)]
  0x000000001b3a6800 JavaThread "Cache worker for Artifact transforms cache (C:\Users\Alex\.gradle\caches\transforms-1)" [_thread_blocked, id=3060, stack(0x0000000020190000,0x0000000020290000)]
  0x000000001b3ab800 JavaThread "Cache worker for journal cache (C:\Users\Alex\.gradle\caches\journal-1)" [_thread_blocked, id=19632, stack(0x000000001d520000,0x000000001d620000)]
  0x000000001b227800 JavaThread "File lock request listener" [_thread_in_native, id=20744, stack(0x000000001c350000,0x000000001c450000)]
  0x000000001b1a7000 JavaThread "Cache worker for file hash cache (C:\Users\Alex\.gradle\caches\4.10.1\fileHashes)" [_thread_blocked, id=10892, stack(0x000000001c250000,0x000000001c350000)]
  0x00000000197f9800 JavaThread "Daemon periodic checks" [_thread_blocked, id=18132, stack(0x000000001a780000,0x000000001a880000)]
  0x0000000019717000 JavaThread "Incoming local TCP Connector on port 38420" [_thread_in_native, id=21248, stack(0x000000001a530000,0x000000001a630000)]
  0x0000000018251800 JavaThread "Service Thread" daemon [_thread_blocked, id=16496, stack(0x0000000018620000,0x0000000018720000)]
  0x00000000168c5800 JavaThread "C1 CompilerThread2" daemon [_thread_in_native, id=20932, stack(0x0000000018120000,0x0000000018220000)]
=>0x00000000168b0800 JavaThread "C2 CompilerThread1" daemon [_thread_in_native, id=5480, stack(0x0000000018020000,0x0000000018120000)]
  0x00000000168ac800 JavaThread "C2 CompilerThread0" daemon [_thread_in_native, id=19172, stack(0x0000000017f20000,0x0000000018020000)]
  0x00000000168ab000 JavaThread "Attach Listener" daemon [_thread_blocked, id=12820, stack(0x0000000017e20000,0x0000000017f20000)]
  0x00000000168b6800 JavaThread "Signal Dispatcher" daemon [_thread_blocked, id=20228, stack(0x0000000017d20000,0x0000000017e20000)]
  0x0000000002f3c000 JavaThread "Finalizer" daemon [_thread_blocked, id=20140, stack(0x0000000017b20000,0x0000000017c20000)]
  0x0000000002f31000 JavaThread "Reference Handler" daemon [_thread_blocked, id=19112, stack(0x0000000017a20000,0x0000000017b20000)]
  0x0000000000fee000 JavaThread "main" [_thread_blocked, id=18396, stack(0x0000000002d40000,0x0000000002e40000)]

Other Threads:
  0x0000000016876800 VMThread [stack: 0x0000000017920000,0x0000000017a20000] [id=22292]
  0x0000000018252000 WatcherThread [stack: 0x0000000018720000,0x0000000018820000] [id=17152]

VM state:not at safepoint (normal execution)

VM Mutex/Monitor currently owned by a thread: None

Heap:
 PSYoungGen      total 245760K, used 88393K [0x00000000e0000000, 0x00000000f5680000, 0x0000000100000000)
  eden space 224256K, 31% used [0x00000000e0000000,0x00000000e448c9e0,0x00000000edb00000)
  from space 21504K, 84% used [0x00000000edb00000,0x00000000eecc5ba8,0x00000000ef000000)
  to   space 23040K, 0% used [0x00000000f4000000,0x00000000f4000000,0x00000000f5680000)
 ParOldGen       total 279040K, used 34234K [0x00000000a0000000, 0x00000000b1080000, 0x00000000e0000000)
  object space 279040K, 12% used [0x00000000a0000000,0x00000000a216eb40,0x00000000b1080000)
 Metaspace       used 86906K, capacity 90508K, committed 90752K, reserved 1128448K
  class space    used 11337K, capacity 12124K, committed 12160K, reserved 1048576K

Card table byte_map: [0x0000000012300000,0x0000000012610000] byte_map_base: 0x0000000011e00000

Marking Bits: (ParMarkBitMap*) 0x0000000051525aa0
 Begin Bits: [0x0000000012c10000, 0x0000000014410000)
 End Bits:   [0x0000000014410000, 0x0000000015c10000)

Polling page: 0x0000000000bf0000

CodeCache: size=245760Kb used=39049Kb max_used=39049Kb free=206710Kb
 bounds [0x0000000002f40000, 0x0000000005590000, 0x0000000011f40000]
 total_blobs=13358 nmethods=12486 adapters=783
 compilation: enabled

Compilation events (10 events):
Event: 216.336 Thread 0x00000000168c5800 nmethod 14457 0x000000000557b3d0 code [0x000000000557b620, 0x000000000557c728]
Event: 216.336 Thread 0x00000000168c5800 14469       1       com.sun.tools.javac.comp.MemberEnter$InitTreeVisitor::visitTree (1 bytes)
Event: 216.336 Thread 0x00000000168c5800 nmethod 14469 0x000000000557cc10 code [0x000000000557cd60, 0x000000000557ce70]
Event: 216.336 Thread 0x00000000168c5800 14460       3       com.sun.tools.javac.comp.Check::checkDeprecatedAnnotation (82 bytes)
Event: 216.337 Thread 0x00000000168c5800 nmethod 14460 0x000000000557ced0 code [0x000000000557d0e0, 0x000000000557db68]
Event: 216.337 Thread 0x00000000168c5800 14463       3       com.sun.tools.javac.comp.Check$Validator::<init> (15 bytes)
Event: 216.337 Thread 0x00000000168c5800 nmethod 14463 0x000000000557e090 code [0x000000000557e200, 0x000000000557e430]
Event: 216.337 Thread 0x00000000168c5800 14459       3       com.sun.tools.javac.comp.Check::checkRaw (93 bytes)
Event: 216.338 Thread 0x00000000168c5800 nmethod 14459 0x000000000557e510 code [0x000000000557e760, 0x000000000557f5d8]
Event: 216.338 Thread 0x00000000168c5800 14466   !   3       com.sun.tools.javac.comp.Attr::visitVarDef (406 bytes)

GC Heap History (10 events):
Event: 151.107 GC heap before
{Heap before GC invocations=14 (full 3):
 PSYoungGen      total 153600K, used 153206K [0x00000000e0000000, 0x00000000eb480000, 0x0000000100000000)
  eden space 142848K, 100% used [0x00000000e0000000,0x00000000e8b80000,0x00000000e8b80000)
  from space 10752K, 96% used [0x00000000eaa00000,0x00000000eb41d8b0,0x00000000eb480000)
  to   space 18944K, 0% used [0x00000000e8f80000,0x00000000e8f80000,0x00000000ea200000)
 ParOldGen       total 279040K, used 31968K [0x00000000a0000000, 0x00000000b1080000, 0x00000000e0000000)
  object space 279040K, 11% used [0x00000000a0000000,0x00000000a1f38280,0x00000000b1080000)
 Metaspace       used 65228K, capacity 67432K, committed 67584K, reserved 1107968K
  class space    used 8627K, capacity 9174K, committed 9216K, reserved 1048576K
Event: 151.115 GC heap after
Heap after GC invocations=14 (full 3):
 PSYoungGen      total 165888K, used 7018K [0x00000000e0000000, 0x00000000ec180000, 0x0000000100000000)
  eden space 146944K, 0% used [0x00000000e0000000,0x00000000e0000000,0x00000000e8f80000)
  from space 18944K, 37% used [0x00000000e8f80000,0x00000000e965a880,0x00000000ea200000)
  to   space 18944K, 0% used [0x00000000eaf00000,0x00000000eaf00000,0x00000000ec180000)
 ParOldGen       total 279040K, used 31976K [0x00000000a0000000, 0x00000000b1080000, 0x00000000e0000000)
  object space 279040K, 11% used [0x00000000a0000000,0x00000000a1f3a280,0x00000000b1080000)
 Metaspace       used 65228K, capacity 67432K, committed 67584K, reserved 1107968K
  class space    used 8627K, capacity 9174K, committed 9216K, reserved 1048576K
}
Event: 155.072 GC heap before
{Heap before GC invocations=15 (full 3):
 PSYoungGen      total 165888K, used 153558K [0x00000000e0000000, 0x00000000ec180000, 0x0000000100000000)
  eden space 146944K, 99% used [0x00000000e0000000,0x00000000e8f1b2d0,0x00000000e8f80000)
  from space 18944K, 37% used [0x00000000e8f80000,0x00000000e965a880,0x00000000ea200000)
  to   space 18944K, 0% used [0x00000000eaf00000,0x00000000eaf00000,0x00000000ec180000)
 ParOldGen       total 279040K, used 31976K [0x00000000a0000000, 0x00000000b1080000, 0x00000000e0000000)
  object space 279040K, 11% used [0x00000000a0000000,0x00000000a1f3a280,0x00000000b1080000)
 Metaspace       used 69613K, capacity 71954K, committed 72064K, reserved 1112064K
  class space    used 9166K, capacity 9771K, committed 9856K, reserved 1048576K
Event: 155.087 GC heap after
Heap after GC invocations=15 (full 3):
 PSYoungGen      total 178688K, used 13457K [0x00000000e0000000, 0x00000000ec580000, 0x0000000100000000)
  eden space 159744K, 0% used [0x00000000e0000000,0x00000000e0000000,0x00000000e9c00000)
  from space 18944K, 71% used [0x00000000eaf00000,0x00000000ebc24598,0x00000000ec180000)
  to   space 19456K, 0% used [0x00000000e9c00000,0x00000000e9c00000,0x00000000eaf00000)
 ParOldGen       total 279040K, used 31984K [0x00000000a0000000, 0x00000000b1080000, 0x00000000e0000000)
  object space 279040K, 11% used [0x00000000a0000000,0x00000000a1f3c280,0x00000000b1080000)
 Metaspace       used 69613K, capacity 71954K, committed 72064K, reserved 1112064K
  class space    used 9166K, capacity 9771K, committed 9856K, reserved 1048576K
}
Event: 155.116 GC heap before
{Heap before GC invocations=16 (full 3):
 PSYoungGen      total 178688K, used 173133K [0x00000000e0000000, 0x00000000ec580000, 0x0000000100000000)
  eden space 159744K, 99% used [0x00000000e0000000,0x00000000e9beee78,0x00000000e9c00000)
  from space 18944K, 71% used [0x00000000eaf00000,0x00000000ebc24598,0x00000000ec180000)
  to   space 19456K, 0% used [0x00000000e9c00000,0x00000000e9c00000,0x00000000eaf00000)
 ParOldGen       total 279040K, used 31984K [0x00000000a0000000, 0x00000000b1080000, 0x00000000e0000000)
  object space 279040K, 11% used [0x00000000a0000000,0x00000000a1f3c280,0x00000000b1080000)
 Metaspace       used 69624K, capacity 72018K, committed 72320K, reserved 1112064K
  class space    used 9166K, capacity 9771K, committed 9856K, reserved 1048576K
Event: 155.127 GC heap after
Heap after GC invocations=16 (full 3):
 PSYoungGen      total 179200K, used 9818K [0x00000000e0000000, 0x00000000f0500000, 0x0000000100000000)
  eden space 159744K, 0% used [0x00000000e0000000,0x00000000e0000000,0x00000000e9c00000)
  from space 19456K, 50% used [0x00000000e9c00000,0x00000000ea5969a8,0x00000000eaf00000)
  to   space 18944K, 0% used [0x00000000ef280000,0x00000000ef280000,0x00000000f0500000)
 ParOldGen       total 279040K, used 31992K [0x00000000a0000000, 0x00000000b1080000, 0x00000000e0000000)
  object space 279040K, 11% used [0x00000000a0000000,0x00000000a1f3e280,0x00000000b1080000)
 Metaspace       used 69624K, capacity 72018K, committed 72320K, reserved 1112064K
  class space    used 9166K, capacity 9771K, committed 9856K, reserved 1048576K
}
Event: 158.634 GC heap before
{Heap before GC invocations=17 (full 3):
 PSYoungGen      total 179200K, used 168637K [0x00000000e0000000, 0x00000000f0500000, 0x0000000100000000)
  eden space 159744K, 99% used [0x00000000e0000000,0x00000000e9b18d80,0x00000000e9c00000)
  from space 19456K, 50% used [0x00000000e9c00000,0x00000000ea5969a8,0x00000000eaf00000)
  to   space 18944K, 0% used [0x00000000ef280000,0x00000000ef280000,0x00000000f0500000)
 ParOldGen       total 279040K, used 31992K [0x00000000a0000000, 0x00000000b1080000, 0x00000000e0000000)
  object space 279040K, 11% used [0x00000000a0000000,0x00000000a1f3e280,0x00000000b1080000)
 Metaspace       used 80136K, capacity 83434K, committed 83456K, reserved 1122304K
  class space    used 10517K, capacity 11249K, committed 11264K, reserved 1048576K
Event: 158.661 GC heap after
Heap after GC invocations=17 (full 3):
 PSYoungGen      total 242688K, used 18924K [0x00000000e0000000, 0x00000000f0500000, 0x0000000100000000)
  eden space 223744K, 0% used [0x00000000e0000000,0x00000000e0000000,0x00000000eda80000)
  from space 18944K, 99% used [0x00000000ef280000,0x00000000f04fb3e0,0x00000000f0500000)
  to   space 21504K, 0% used [0x00000000edb00000,0x00000000edb00000,0x00000000ef000000)
 ParOldGen       total 279040K, used 34226K [0x00000000a0000000, 0x00000000b1080000, 0x00000000e0000000)
  object space 279040K, 12% used [0x00000000a0000000,0x00000000a216cb40,0x00000000b1080000)
 Metaspace       used 80136K, capacity 83434K, committed 83456K, reserved 1122304K
  class space    used 10517K, capacity 11249K, committed 11264K, reserved 1048576K
}
Event: 214.775 GC heap before
{Heap before GC invocations=18 (full 3):
 PSYoungGen      total 242688K, used 242668K [0x00000000e0000000, 0x00000000f0500000, 0x0000000100000000)
  eden space 223744K, 100% used [0x00000000e0000000,0x00000000eda80000,0x00000000eda80000)
  from space 18944K, 99% used [0x00000000ef280000,0x00000000f04fb3e0,0x00000000f0500000)
  to   space 21504K, 0% used [0x00000000edb00000,0x00000000edb00000,0x00000000ef000000)
 ParOldGen       total 279040K, used 34226K [0x00000000a0000000, 0x00000000b1080000, 0x00000000e0000000)
  object space 279040K, 12% used [0x00000000a0000000,0x00000000a216cb40,0x00000000b1080000)
 Metaspace       used 81493K, capacity 84960K, committed 85248K, reserved 1122304K
  class space    used 10693K, capacity 11448K, committed 11520K, reserved 1048576K
Event: 214.802 GC heap after
Heap after GC invocations=18 (full 3):
 PSYoungGen      total 245760K, used 18198K [0x00000000e0000000, 0x00000000f5680000, 0x0000000100000000)
  eden space 224256K, 0% used [0x00000000e0000000,0x00000000e0000000,0x00000000edb00000)
  from space 21504K, 84% used [0x00000000edb00000,0x00000000eecc5ba8,0x00000000ef000000)
  to   space 23040K, 0% used [0x00000000f4000000,0x00000000f4000000,0x00000000f5680000)
 ParOldGen       total 279040K, used 34234K [0x00000000a0000000, 0x00000000b1080000, 0x00000000e0000000)
  object space 279040K, 12% used [0x00000000a0000000,0x00000000a216eb40,0x00000000b1080000)
 Metaspace       used 81493K, capacity 84960K, committed 85248K, reserved 1122304K
  class space    used 10693K, capacity 11448K, committed 11520K, reserved 1048576K
}

Deoptimization events (10 events):
Event: 215.902 Thread 0x0000000019f72800 Uncommon trap: reason=bimorphic action=maybe_recompile pc=0x0000000005463e50 method=com.sun.tools.javac.code.Scope.lookup(Lcom/sun/tools/javac/util/Name;Lcom/sun/tools/javac/util/Filter;)Lcom/sun/tools/javac/code/Scope$Entry; @ 49
Event: 215.902 Thread 0x0000000019f72800 Uncommon trap: reason=bimorphic action=maybe_recompile pc=0x0000000005463e50 method=com.sun.tools.javac.code.Scope.lookup(Lcom/sun/tools/javac/util/Name;Lcom/sun/tools/javac/util/Filter;)Lcom/sun/tools/javac/code/Scope$Entry; @ 49
Event: 215.902 Thread 0x0000000019f72800 Uncommon trap: reason=bimorphic action=maybe_recompile pc=0x0000000005463e50 method=com.sun.tools.javac.code.Scope.lookup(Lcom/sun/tools/javac/util/Name;Lcom/sun/tools/javac/util/Filter;)Lcom/sun/tools/javac/code/Scope$Entry; @ 49
Event: 215.902 Thread 0x0000000019f72800 Uncommon trap: reason=bimorphic action=maybe_recompile pc=0x0000000005463e50 method=com.sun.tools.javac.code.Scope.lookup(Lcom/sun/tools/javac/util/Name;Lcom/sun/tools/javac/util/Filter;)Lcom/sun/tools/javac/code/Scope$Entry; @ 49
Event: 215.938 Thread 0x0000000019f72800 Uncommon trap: reason=unstable_if action=reinterpret pc=0x0000000004b4e4b4 method=java.util.EnumMap.isValidKey(Ljava/lang/Object;)Z @ 16
Event: 216.047 Thread 0x0000000019f72800 Uncommon trap: reason=unstable_if action=reinterpret pc=0x000000000548777c method=com.sun.tools.javac.code.Scope.lookup(Lcom/sun/tools/javac/util/Name;Lcom/sun/tools/javac/util/Filter;)Lcom/sun/tools/javac/code/Scope$Entry; @ 19
Event: 216.199 Thread 0x0000000019f72800 Uncommon trap: reason=unstable_if action=reinterpret pc=0x0000000005495664 method=com.sun.tools.javac.code.Scope.enter(Lcom/sun/tools/javac/code/Symbol;Lcom/sun/tools/javac/code/Scope;Lcom/sun/tools/javac/code/Scope;Z)V @ 116
Event: 216.223 Thread 0x0000000019f72800 Uncommon trap: reason=unstable_if action=reinterpret pc=0x0000000005462518 method=com.sun.tools.javac.util.ListBuffer.append(Ljava/lang/Object;)Lcom/sun/tools/javac/util/ListBuffer; @ 9
Event: 216.266 Thread 0x0000000019f72800 Uncommon trap: reason=unstable_if action=reinterpret pc=0x00000000053fcf90 method=com.sun.tools.javac.util.Convert.chars2utf([CI[BII)I @ 35
Event: 216.321 Thread 0x0000000019f72800 Uncommon trap: reason=unstable_if action=reinterpret pc=0x0000000005308f9c method=com.sun.tools.javac.util.Convert.chars2utf([CI[BII)I @ 35

Classes redefined (0 events):
No events

Internal exceptions (10 events):
Event: 156.208 Thread 0x000000001ecaf000 Exception <a 'sun/nio/fs/WindowsException'> (0x00000000e4edc4b8) thrown at [D:\src\AOSP-openjdk-cygwin\jdk8u\hotspot\src\share\vm\prims\jni.cpp, line 709]
Event: 156.273 Thread 0x000000001ecae000 Exception <a 'sun/nio/fs/WindowsException'> (0x00000000e54e89e0) thrown at [D:\src\AOSP-openjdk-cygwin\jdk8u\hotspot\src\share\vm\prims\jni.cpp, line 709]
Event: 157.705 Thread 0x000000001ecae000 Exception <a 'sun/nio/fs/WindowsException'> (0x00000000e85f0df0) thrown at [D:\src\AOSP-openjdk-cygwin\jdk8u\hotspot\src\share\vm\prims\jni.cpp, line 709]
Event: 157.897 Thread 0x000000001ecb9800 Exception <a 'sun/nio/fs/WindowsException'> (0x00000000e8fb8be8) thrown at [D:\src\AOSP-openjdk-cygwin\jdk8u\hotspot\src\share\vm\prims\jni.cpp, line 709]
Event: 157.990 Thread 0x000000001ecb8000 Implicit null exception at 0x0000000003f1e2af to 0x0000000003f1e39d
Event: 158.102 Thread 0x000000001ecb5800 Exception <a 'sun/nio/fs/WindowsException'> (0x00000000e96b4720) thrown at [D:\src\AOSP-openjdk-cygwin\jdk8u\hotspot\src\share\vm\prims\jni.cpp, line 709]
Event: 158.622 Thread 0x000000001b3a5800 Exception <a 'java/lang/NoSuchMethodError': java.lang.Object.lambda$comparing$ea9a8b3a$1(Ljava/util/Comparator;Ljava/util/function/Function;Ljava/lang/Object;Ljava/lang/Object;)I> (0x00000000e9971190) thrown at [D:\src\AOSP-openjdk-cygwin\jdk8u\hotspot\sr
Event: 161.439 Thread 0x000000001b3a5800 Exception <a 'java/lang/NoSuchMethodError': java.lang.Object.lambda$asRunnable$0(Lcom/android/tools/build/apkzlib/utils/IOExceptionRunnable;)V> (0x00000000e7294608) thrown at [D:\src\AOSP-openjdk-cygwin\jdk8u\hotspot\src\share\vm\interpreter\linkResolver.
Event: 212.928 Thread 0x0000000019f72800 Exception <a 'sun/nio/fs/WindowsException'> (0x00000000e973f710) thrown at [D:\src\AOSP-openjdk-cygwin\jdk8u\hotspot\src\share\vm\prims\jni.cpp, line 709]
Event: 212.933 Thread 0x0000000019f72800 Exception <a 'sun/nio/fs/WindowsException'> (0x00000000e974b938) thrown at [D:\src\AOSP-openjdk-cygwin\jdk8u\hotspot\src\share\vm\prims\jni.cpp, line 709]

Events (10 events):
Event: 216.263 loading class com/sun/tools/javac/code/Attribute$RetentionPolicy
Event: 216.263 loading class com/sun/tools/javac/code/Attribute$RetentionPolicy done
Event: 216.265 loading class com/sun/tools/javac/jvm/ClassFile$NameAndType
Event: 216.265 loading class com/sun/tools/javac/jvm/ClassFile$NameAndType done
Event: 216.266 Thread 0x0000000019f72800 Uncommon trap: trap_request=0xffffff65 fr.pc=0x00000000053fcf90
Event: 216.266 Thread 0x0000000019f72800 DEOPT PACKING pc=0x00000000053fcf90 sp=0x0000000024f79e40
Event: 216.266 Thread 0x0000000019f72800 DEOPT UNPACKING pc=0x0000000002f8557b sp=0x0000000024f79d38 mode 2
Event: 216.321 Thread 0x0000000019f72800 Uncommon trap: trap_request=0xffffff65 fr.pc=0x0000000005308f9c
Event: 216.321 Thread 0x0000000019f72800 DEOPT PACKING pc=0x0000000005308f9c sp=0x0000000024f79d90
Event: 216.321 Thread 0x0000000019f72800 DEOPT UNPACKING pc=0x0000000002f8557b sp=0x0000000024f79d20 mode 2


Dynamic libraries:
0x00007ff6606a0000 - 0x00007ff6606d1000 	C:\Program Files\Android\Android Studio\jre\bin\java.exe
0x00007ffcc64b0000 - 0x00007ffcc669d000 	C:\WINDOWS\SYSTEM32\ntdll.dll
0x00007ffcc3a40000 - 0x00007ffcc3af3000 	C:\WINDOWS\System32\KERNEL32.DLL
0x00007ffcc2f80000 - 0x00007ffcc3213000 	C:\WINDOWS\System32\KERNELBASE.dll
0x00007ffcc3bc0000 - 0x00007ffcc3c63000 	C:\WINDOWS\System32\ADVAPI32.dll
0x00007ffcc46d0000 - 0x00007ffcc476e000 	C:\WINDOWS\System32\msvcrt.dll
0x00007ffcc3c70000 - 0x00007ffcc3d0e000 	C:\WINDOWS\System32\sechost.dll
0x00007ffcc3d70000 - 0x00007ffcc3e92000 	C:\WINDOWS\System32\RPCRT4.dll
0x00007ffcc4530000 - 0x00007ffcc46c7000 	C:\WINDOWS\System32\USER32.dll
0x00007ffcc3220000 - 0x00007ffcc3240000 	C:\WINDOWS\System32\win32u.dll
0x00007ffcc3a10000 - 0x00007ffcc3a39000 	C:\WINDOWS\System32\GDI32.dll
0x00007ffcc2de0000 - 0x00007ffcc2f7a000 	C:\WINDOWS\System32\gdi32full.dll
0x00007ffcc34f0000 - 0x00007ffcc3590000 	C:\WINDOWS\System32\msvcp_win.dll
0x00007ffcc35e0000 - 0x00007ffcc36dc000 	C:\WINDOWS\System32\ucrtbase.dll
0x00007ffcb3420000 - 0x00007ffcb3699000 	C:\WINDOWS\WinSxS\amd64_microsoft.windows.common-controls_6595b64144ccf1df_6.0.17763.194_none_05b3366207211c42\COMCTL32.dll
0x00007ffcc36e0000 - 0x00007ffcc3a0d000 	C:\WINDOWS\System32\combase.dll
0x00007ffcc3240000 - 0x00007ffcc32be000 	C:\WINDOWS\System32\bcryptPrimitives.dll
0x00007ffcc4100000 - 0x00007ffcc412e000 	C:\WINDOWS\System32\IMM32.DLL
0x0000000050ba0000 - 0x0000000050c72000 	C:\Program Files\Android\Android Studio\jre\jre\bin\msvcr100.dll
0x0000000050d60000 - 0x00000000515a1000 	C:\Program Files\Android\Android Studio\jre\jre\bin\server\jvm.dll
0x00007ffcc4130000 - 0x00007ffcc4138000 	C:\WINDOWS\System32\PSAPI.DLL
0x00007ffca26d0000 - 0x00007ffca26d9000 	C:\WINDOWS\SYSTEM32\WSOCK32.dll
0x00007ffcc49c0000 - 0x00007ffcc4a2d000 	C:\WINDOWS\System32\WS2_32.dll
0x00007ffcbe200000 - 0x00007ffcbe224000 	C:\WINDOWS\SYSTEM32\WINMM.dll
0x00007ffcb7ae0000 - 0x00007ffcb7aea000 	C:\WINDOWS\SYSTEM32\VERSION.dll
0x00007ffcbe1d0000 - 0x00007ffcbe1fd000 	C:\WINDOWS\SYSTEM32\WINMMBASE.dll
0x00007ffcc34a0000 - 0x00007ffcc34ea000 	C:\WINDOWS\System32\cfgmgr32.dll
0x00007ffcbe690000 - 0x00007ffcbe69f000 	C:\Program Files\Android\Android Studio\jre\jre\bin\verify.dll
0x00007ffc82ca0000 - 0x00007ffc82cc9000 	C:\Program Files\Android\Android Studio\jre\jre\bin\java.dll
0x00007ffc82c80000 - 0x00007ffc82c96000 	C:\Program Files\Android\Android Studio\jre\jre\bin\zip.dll
0x00007ffcc4f90000 - 0x00007ffcc647f000 	C:\WINDOWS\System32\SHELL32.dll
0x00007ffcc3ea0000 - 0x00007ffcc3f48000 	C:\WINDOWS\System32\shcore.dll
0x00007ffcc2690000 - 0x00007ffcc2dda000 	C:\WINDOWS\System32\windows.storage.dll
0x00007ffcc2530000 - 0x00007ffcc2554000 	C:\WINDOWS\System32\profapi.dll
0x00007ffcc24d0000 - 0x00007ffcc252d000 	C:\WINDOWS\System32\powrprof.dll
0x00007ffcc3f50000 - 0x00007ffcc3fa2000 	C:\WINDOWS\System32\shlwapi.dll
0x00007ffcc24b0000 - 0x00007ffcc24c1000 	C:\WINDOWS\System32\kernel.appcore.dll
0x00007ffcc3590000 - 0x00007ffcc35a7000 	C:\WINDOWS\System32\cryptsp.dll
0x00007ffc82c60000 - 0x00007ffc82c7a000 	C:\Program Files\Android\Android Studio\jre\jre\bin\net.dll
0x00007ffcc1d40000 - 0x00007ffcc1da7000 	C:\WINDOWS\system32\mswsock.dll
0x00007ffc82c40000 - 0x00007ffc82c51000 	C:\Program Files\Android\Android Studio\jre\jre\bin\nio.dll
0x00007ffc82ce0000 - 0x00007ffc82cfe000 	C:\Users\Alex\.gradle\native\25\windows-amd64\native-platform.dll
0x00007ffc9efb0000 - 0x00007ffc9efbd000 	C:\Program Files\Android\Android Studio\jre\jre\bin\management.dll
0x00007ffcc1900000 - 0x00007ffcc1933000 	C:\WINDOWS\system32\rsaenh.dll
0x00007ffcc35b0000 - 0x00007ffcc35d6000 	C:\WINDOWS\System32\bcrypt.dll
0x00007ffcc23e0000 - 0x00007ffcc2408000 	C:\WINDOWS\SYSTEM32\USERENV.dll
0x00007ffcc1f10000 - 0x00007ffcc1f1c000 	C:\WINDOWS\SYSTEM32\CRYPTBASE.dll
0x00007ffcc1aa0000 - 0x00007ffcc1add000 	C:\WINDOWS\SYSTEM32\IPHLPAPI.DLL
0x00007ffcc4140000 - 0x00007ffcc4148000 	C:\WINDOWS\System32\NSI.dll
0x00007ffcb9d40000 - 0x00007ffcb9d56000 	C:\WINDOWS\SYSTEM32\dhcpcsvc6.DLL
0x00007ffcb9d20000 - 0x00007ffcb9d3c000 	C:\WINDOWS\SYSTEM32\dhcpcsvc.DLL
0x00007ffcc1ae0000 - 0x00007ffcc1ba6000 	C:\WINDOWS\SYSTEM32\DNSAPI.dll

VM Arguments:
jvm_args: -Xmx1536m -Dfile.encoding=windows-1251 -Duser.country=RU -Duser.language=ru -Duser.variant 
java_command: org.gradle.launcher.daemon.bootstrap.GradleDaemon 4.10.1
java_class_path (initial): C:\Users\Alex\.gradle\wrapper\dists\gradle-4.10.1-all\455itskqi2qtf0v2sja68alqd\gradle-4.10.1\lib\gradle-launcher-4.10.1.jar
Launcher Type: SUN_STANDARD

Environment Variables:
JAVA_HOME=C:\Program Files\Java\jdk1.8.0_161
PATH=C:\ProgramData\Oracle\Java\javapath;C:\Windows\system32;C:\Windows;C:\Windows\System32\Wbem;C:\Windows\System32\WindowsPowerShell\v1.0\;C:\Program Files (x86)\NVIDIA Corporation\PhysX\Common;C:\Program Files\dotnet\;C:\Program Files\Microsoft\Web Platform Installer\;C:\Program Files (x86)\Microsoft SQL Server\100\Tools\Binn\;C:\Program Files\Microsoft SQL Server\100\Tools\Binn\;C:\Program Files\Microsoft SQL Server\100\DTS\Binn\;C:\Program Files (x86)\Microsoft SQL Server\100\Tools\Binn\VSShell\Common7\IDE\;C:\Program Files (x86)\Microsoft Visual Studio 9.0\Common7\IDE\PrivateAssemblies\;C:\Program Files (x86)\Microsoft SQL Server\100\DTS\Binn\;C:\WINDOWS\system32;C:\WINDOWS;C:\WINDOWS\System32\Wbem;C:\WINDOWS\System32\WindowsPowerShell\v1.0\;C:\WINDOWS\System32\OpenSSH\;C:\Program Files\Java\jdk1.8.0_161\bin;C:\cygwin64\bin;C:\Program Files\NVIDIA Corporation\NVIDIA NvDLISR;C:\WINDOWS\system32;C:\WINDOWS;C:\WINDOWS\System32\Wbem;C:\WINDOWS\System32\WindowsPowerShell\v1.0\;C:\WINDOWS\System32\OpenSSH\;C:\Program Files\Git\cmd;C:\Users\Alex\AppData\Local\Microsoft\WindowsApps;C:\Users\Alex\AppData\Local\GitHubDesktop\bin;%USERPROFILE%\AppData\Local\Microsoft\WindowsApps;
USERNAME=Alex
OS=Windows_NT
PROCESSOR_IDENTIFIER=Intel64 Family 6 Model 142 Stepping 9, GenuineIntel



---------------  S Y S T E M  ---------------

OS: Windows 10.0 , 64 bit Build 17763 (10.0.17763.1)

CPU:total 4 (initial active 4) (2 cores per cpu, 2 threads per core) family 6 model 142 stepping 9, cmov, cx8, fxsr, mmx, sse, sse2, sse3, ssse3, sse4.1, sse4.2, popcnt, avx, avx2, aes, clmul, erms, 3dnowpref, lzcnt, ht, tsc, tscinvbit, bmi1, bmi2, adx

Memory: 4k page, physical 16648932k(2830900k free), swap 25037540k(4128k free)

vm_info: OpenJDK 64-Bit Server VM (25.152-b01) for windows-amd64 JRE (1.8.0_152-release-1248-b01), built by "builder" with MS VC++ 10.0 (VS2010)

time: Fri Feb 15 22:39:37 2019
elapsed time: 216 seconds (0d 0h 3m 36s)

