#
# There is insufficient memory for the Java Runtime Environment to continue.
# Native memory allocation (malloc) failed to allocate 1052176 bytes for Chunk::new
# Possible reasons:
#   The system is out of physical RAM or swap space
#   In 32 bit mode, the process size limit was hit
# Possible solutions:
#   Reduce memory load on the system
#   Increase physical memory or swap space
#   Check if swap backing store is full
#   Use 64 bit Java on a 64 bit OS
#   Decrease Java heap size (-Xmx/-Xms)
#   Decrease number of Java threads
#   Decrease Java thread stack sizes (-Xss)
#   Set larger code cache with -XX:ReservedCodeCacheSize=
# This output file may be truncated or incomplete.
#
#  Out of Memory Error (allocation.cpp:390), pid=9668, tid=0x0000000000001324
#
# JRE version: OpenJDK Runtime Environment (8.0_152-b01) (build 1.8.0_152-release-1248-b01)
# Java VM: OpenJDK 64-Bit Server VM (25.152-b01 mixed mode windows-amd64 compressed oops)
# Failed to write core dump. Minidumps are not enabled by default on client versions of Windows
#

---------------  T H R E A D  ---------------

Current thread (0x0000000016279000):  JavaThread "C2 CompilerThread1" daemon [_thread_in_native, id=4900, stack(0x0000000017980000,0x0000000017a80000)]

Stack: [0x0000000017980000,0x0000000017a80000]
[error occurred during error reporting (printing stack bounds), id 0xc0000005]

Native frames: (J=compiled Java code, j=interpreted, Vv=VM code, C=native code)


Current CompileTask:
C2: 457294 15114       4       java.io.ObjectOutputStream::writeClassDesc (60 bytes)


---------------  P R O C E S S  ---------------

Java Threads: ( => current thread )
  0x000000001b614000 JavaThread "Cache worker for Java compile cache (C:\MyNewProjects\Android_3.0\ComicsCamTest\.gradle\4.10.1\javaCompile)" [_thread_blocked, id=22064, stack(0x0000000027720000,0x0000000027820000)]
  0x000000001b612800 JavaThread "Cache worker for Java compile cache (C:\Users\Alex\.gradle\caches\4.10.1\javaCompile)" [_thread_blocked, id=15636, stack(0x0000000027620000,0x0000000027720000)]
  0x000000001b60f800 JavaThread "stdout" daemon [_thread_in_native, id=14948, stack(0x0000000027520000,0x0000000027620000)]
  0x0000000017d3f000 JavaThread "stderr" daemon [_thread_in_native, id=21248, stack(0x0000000027420000,0x0000000027520000)]
  0x0000000017d38000 JavaThread "stdout" daemon [_thread_in_native, id=7044, stack(0x0000000027320000,0x0000000027420000)]
  0x0000000017d3d800 JavaThread "stderr" daemon [_thread_in_native, id=14328, stack(0x0000000027220000,0x0000000027320000)]
  0x0000000017d3a800 JavaThread "stdout" daemon [_thread_in_native, id=492, stack(0x0000000027120000,0x0000000027220000)]
  0x0000000017d3c000 JavaThread "stderr" daemon [_thread_in_native, id=16980, stack(0x0000000027020000,0x0000000027120000)]
  0x0000000017d3b000 JavaThread "pool-4-thread-1" [_thread_blocked, id=11648, stack(0x0000000026f20000,0x0000000027020000)]
  0x0000000017d32000 JavaThread "MarlinRenderer Disposer" daemon [_thread_blocked, id=16488, stack(0x0000000026e20000,0x0000000026f20000)]
  0x0000000017d39000 JavaThread "Java2D Disposer" daemon [_thread_blocked, id=15152, stack(0x0000000026d20000,0x0000000026e20000)]
  0x0000000017d36000 JavaThread "ForkJoinPool.commonPool-worker-3" daemon [_thread_blocked, id=10848, stack(0x0000000026a20000,0x0000000026b20000)]
  0x0000000017d30800 JavaThread "ForkJoinPool.commonPool-worker-1" daemon [_thread_blocked, id=14784, stack(0x0000000026820000,0x0000000026920000)]
  0x0000000017d33800 JavaThread "Cache worker for Build Output Cleanup Cache (C:\MyNewProjects\Android_3.0\ComicsCamTest\.gradle\buildOutputCleanup)" [_thread_blocked, id=11496, stack(0x0000000026620000,0x0000000026720000)]
  0x0000000019889000 JavaThread "Cache worker for task history cache (C:\MyNewProjects\Android_3.0\ComicsCamTest\.gradle\4.10.1\taskHistory)" [_thread_blocked, id=11288, stack(0x0000000026520000,0x0000000026620000)]
  0x0000000019888000 JavaThread "Task worker for ':' Thread 3" [_thread_blocked, id=776, stack(0x0000000026420000,0x0000000026520000)]
  0x0000000019887800 JavaThread "Task worker for ':' Thread 2" [_thread_blocked, id=8884, stack(0x0000000026320000,0x0000000026420000)]
  0x0000000019880000 JavaThread "Task worker for ':'" [_thread_blocked, id=21060, stack(0x0000000026220000,0x0000000026320000)]
  0x0000000019885000 JavaThread "Cache worker for file content cache (C:\MyNewProjects\Android_3.0\ComicsCamTest\.gradle\4.10.1\fileContent)" [_thread_blocked, id=8704, stack(0x0000000026120000,0x0000000026220000)]
  0x0000000019886800 JavaThread "Cache worker for file content cache (C:\Users\Alex\.gradle\caches\4.10.1\fileContent)" [_thread_blocked, id=9284, stack(0x0000000026020000,0x0000000026120000)]
  0x0000000019882000 JavaThread "Build operations Thread 4" [_thread_in_native, id=17156, stack(0x0000000025f20000,0x0000000026020000)]
  0x0000000019883800 JavaThread "Build operations Thread 3" [_thread_in_native, id=21112, stack(0x0000000025e20000,0x0000000025f20000)]
  0x0000000019884800 JavaThread "Build operations Thread 2" [_thread_blocked, id=5492, stack(0x0000000025d20000,0x0000000025e20000)]
  0x0000000019883000 JavaThread "Build operations" [_thread_in_native, id=16564, stack(0x0000000025c20000,0x0000000025d20000)]
  0x000000001987a800 JavaThread "Cache worker for cache directory md-rule (C:\Users\Alex\.gradle\caches\4.10.1\md-rule)" [_thread_blocked, id=9116, stack(0x0000000025b20000,0x0000000025c20000)]
  0x0000000019880800 JavaThread "Cache worker for cache directory md-supplier (C:\Users\Alex\.gradle\caches\4.10.1\md-supplier)" [_thread_blocked, id=18480, stack(0x0000000025a20000,0x0000000025b20000)]
  0x000000001987f000 JavaThread "Cache worker for file hash cache (C:\MyNewProjects\Android_3.0\ComicsCamTest\.gradle\4.10.1\fileHashes)" [_thread_blocked, id=22436, stack(0x0000000025920000,0x0000000025a20000)]
  0x000000001987e800 JavaThread "Stdin handler" [_thread_blocked, id=7652, stack(0x0000000025820000,0x0000000025920000)]
  0x000000001987c000 JavaThread "Asynchronous log dispatcher for DefaultDaemonConnection: socket connection from /127.0.0.1:26313 to /127.0.0.1:26992" [_thread_blocked, id=19096, stack(0x0000000025720000,0x0000000025820000)]
  0x0000000019881800 JavaThread "Daemon worker Thread 3" [_thread_blocked, id=12052, stack(0x0000000025620000,0x0000000025720000)]
  0x000000001987b800 JavaThread "Cancel handler" [_thread_blocked, id=1392, stack(0x0000000025520000,0x0000000025620000)]
  0x0000000019879800 JavaThread "Handler for socket connection from /127.0.0.1:26313 to /127.0.0.1:26992" [_thread_in_native, id=22216, stack(0x0000000025420000,0x0000000025520000)]
  0x000000001987d800 JavaThread "Daemon Thread 3" [_thread_blocked, id=22400, stack(0x0000000025320000,0x0000000025420000)]
  0x0000000017d36800 JavaThread "Memory manager" [_thread_blocked, id=10268, stack(0x0000000021c20000,0x0000000021d20000)]
  0x0000000017d35000 JavaThread "pool-1-thread-1" [_thread_blocked, id=17812, stack(0x0000000020720000,0x0000000020820000)]
  0x000000001b613000 JavaThread "Cache worker for Artifact transforms cache (C:\Users\Alex\.gradle\caches\transforms-1)" [_thread_blocked, id=21872, stack(0x000000001fa20000,0x000000001fb20000)]
  0x000000001b611000 JavaThread "Cache worker for journal cache (C:\Users\Alex\.gradle\caches\journal-1)" [_thread_blocked, id=12016, stack(0x000000001de50000,0x000000001df50000)]
  0x000000001bbb0800 JavaThread "File lock request listener" [_thread_in_native, id=15524, stack(0x000000001cc80000,0x000000001cd80000)]
  0x000000001b584000 JavaThread "Cache worker for file hash cache (C:\Users\Alex\.gradle\caches\4.10.1\fileHashes)" [_thread_blocked, id=18812, stack(0x000000001cb80000,0x000000001cc80000)]
  0x0000000017dcd800 JavaThread "Daemon periodic checks" [_thread_blocked, id=17068, stack(0x000000001a0e0000,0x000000001a1e0000)]
  0x0000000017dc0800 JavaThread "Incoming local TCP Connector on port 26313" [_thread_in_native, id=12164, stack(0x0000000019e90000,0x0000000019f90000)]
  0x0000000017b8e000 JavaThread "Service Thread" daemon [_thread_blocked, id=19688, stack(0x0000000017f80000,0x0000000018080000)]
  0x000000001627b800 JavaThread "C1 CompilerThread2" daemon [_thread_blocked, id=19896, stack(0x0000000017a80000,0x0000000017b80000)]
=>0x0000000016279000 JavaThread "C2 CompilerThread1" daemon [_thread_in_native, id=4900, stack(0x0000000017980000,0x0000000017a80000)]
  0x000000001621a800 JavaThread "C2 CompilerThread0" daemon [_thread_blocked, id=14548, stack(0x0000000017880000,0x0000000017980000)]
  0x0000000016219800 JavaThread "Attach Listener" daemon [_thread_blocked, id=10140, stack(0x0000000017780000,0x0000000017880000)]
  0x0000000016227800 JavaThread "Signal Dispatcher" daemon [_thread_blocked, id=18048, stack(0x0000000017680000,0x0000000017780000)]
  0x00000000028ab800 JavaThread "Finalizer" daemon [_thread_blocked, id=19548, stack(0x0000000017480000,0x0000000017580000)]
  0x00000000028a1000 JavaThread "Reference Handler" daemon [_thread_blocked, id=20428, stack(0x0000000017380000,0x0000000017480000)]
  0x0000000000c8e000 JavaThread "main" [_thread_blocked, id=20388, stack(0x00000000026b0000,0x00000000027b0000)]

Other Threads:
  0x00000000161e6800 VMThread [stack: 0x0000000017280000,0x0000000017380000] [id=13744]
  0x0000000017b8e800 WatcherThread [stack: 0x0000000018080000,0x0000000018180000] [id=4896]

VM state:not at safepoint (normal execution)

VM Mutex/Monitor currently owned by a thread: None

Heap:
 PSYoungGen      total 239616K, used 217640K [0x00000000e0000000, 0x00000000f5380000, 0x0000000100000000)
  eden space 196608K, 95% used [0x00000000e0000000,0x00000000eb84f2d0,0x00000000ec000000)
  from space 43008K, 67% used [0x00000000eeb00000,0x00000000f073af98,0x00000000f1500000)
  to   space 44032K, 0% used [0x00000000ec000000,0x00000000ec000000,0x00000000eeb00000)
 ParOldGen       total 239104K, used 69116K [0x00000000a0000000, 0x00000000ae980000, 0x00000000e0000000)
  object space 239104K, 28% used [0x00000000a0000000,0x00000000a437f3b0,0x00000000ae980000)
 Metaspace       used 90108K, capacity 93296K, committed 93568K, reserved 1130496K
  class space    used 11574K, capacity 12393K, committed 12416K, reserved 1048576K

Card table byte_map: [0x0000000011c70000,0x0000000011f80000] byte_map_base: 0x0000000011770000

Marking Bits: (ParMarkBitMap*) 0x000000006ab95aa0
 Begin Bits: [0x0000000012580000, 0x0000000013d80000)
 End Bits:   [0x0000000013d80000, 0x0000000015580000)

Polling page: 0x0000000000ae0000

CodeCache: size=245760Kb used=41511Kb max_used=42526Kb free=204248Kb
 bounds [0x00000000028b0000, 0x0000000005270000, 0x00000000118b0000]
 total_blobs=13585 nmethods=12586 adapters=911
 compilation: enabled

Compilation events (10 events):
Event: 457.182 Thread 0x000000001627b800 nmethod 15118 0x0000000004e829d0 code [0x0000000004e82b20, 0x0000000004e82d30]
Event: 457.182 Thread 0x000000001627b800 15119       3       com.google.common.cache.LocalCache$Strength$3::referenceValue (38 bytes)
Event: 457.182 Thread 0x000000001627b800 nmethod 15119 0x0000000004deb010 code [0x0000000004deb1c0, 0x0000000004deb6e8]
Event: 457.238 Thread 0x000000001627b800 15121       3       org.gradle.internal.work.DefaultWorkerLeaseService$WorkerLeaseLockRegistry$1::<init> (20 bytes)
Event: 457.239 Thread 0x000000001627b800 nmethod 15121 0x0000000004e850d0 code [0x0000000004e85220, 0x0000000004e85410]
Event: 457.239 Thread 0x000000001627b800 15122       3       org.gradle.internal.work.DefaultWorkerLeaseService$WorkerLeaseLockRegistry$1::create (10 bytes)
Event: 457.239 Thread 0x000000001627b800 nmethod 15122 0x00000000031ba990 code [0x00000000031bab00, 0x00000000031baef0]
Event: 457.242 Thread 0x000000001621a800 nmethod 15117 0x0000000004dbca90 code [0x0000000004dbcd60, 0x0000000004dbea20]
Event: 457.242 Thread 0x000000001621a800 15120       4       java.util.concurrent.ConcurrentHashMap::<init> (73 bytes)
Event: 457.244 Thread 0x000000001621a800 nmethod 15120 0x0000000004ee4150 code [0x0000000004ee42c0, 0x0000000004ee44d8]

GC Heap History (10 events):
Event: 277.866 GC heap before
{Heap before GC invocations=15 (full 3):
 PSYoungGen      total 186880K, used 182419K [0x00000000e0000000, 0x00000000edd00000, 0x0000000100000000)
  eden space 167424K, 100% used [0x00000000e0000000,0x00000000ea380000,0x00000000ea380000)
  from space 19456K, 77% used [0x00000000ea380000,0x00000000eb224c20,0x00000000eb680000)
  to   space 19968K, 0% used [0x00000000ec980000,0x00000000ec980000,0x00000000edd00000)
 ParOldGen       total 239104K, used 32062K [0x00000000a0000000, 0x00000000ae980000, 0x00000000e0000000)
  object space 239104K, 13% used [0x00000000a0000000,0x00000000a1f4fa48,0x00000000ae980000)
 Metaspace       used 73548K, capacity 76198K, committed 76544K, reserved 1116160K
  class space    used 9668K, capacity 10372K, committed 10496K, reserved 1048576K
Event: 277.913 GC heap after
Heap after GC invocations=15 (full 3):
 PSYoungGen      total 202752K, used 19964K [0x00000000e0000000, 0x00000000ee700000, 0x0000000100000000)
  eden space 182784K, 0% used [0x00000000e0000000,0x00000000e0000000,0x00000000eb280000)
  from space 19968K, 99% used [0x00000000ec980000,0x00000000edcff198,0x00000000edd00000)
  to   space 23552K, 0% used [0x00000000eb280000,0x00000000eb280000,0x00000000ec980000)
 ParOldGen       total 239104K, used 34831K [0x00000000a0000000, 0x00000000ae980000, 0x00000000e0000000)
  object space 239104K, 14% used [0x00000000a0000000,0x00000000a2203e48,0x00000000ae980000)
 Metaspace       used 73548K, capacity 76198K, committed 76544K, reserved 1116160K
  class space    used 9668K, capacity 10372K, committed 10496K, reserved 1048576K
}
Event: 447.775 GC heap before
{Heap before GC invocations=16 (full 3):
 PSYoungGen      total 202752K, used 202748K [0x00000000e0000000, 0x00000000ee700000, 0x0000000100000000)
  eden space 182784K, 100% used [0x00000000e0000000,0x00000000eb280000,0x00000000eb280000)
  from space 19968K, 99% used [0x00000000ec980000,0x00000000edcff198,0x00000000edd00000)
  to   space 23552K, 0% used [0x00000000eb280000,0x00000000eb280000,0x00000000ec980000)
 ParOldGen       total 239104K, used 34831K [0x00000000a0000000, 0x00000000ae980000, 0x00000000e0000000)
  object space 239104K, 14% used [0x00000000a0000000,0x00000000a2203e48,0x00000000ae980000)
 Metaspace       used 79085K, capacity 82018K, committed 82304K, reserved 1120256K
  class space    used 10362K, capacity 11106K, committed 11136K, reserved 1048576K
Event: 447.830 GC heap after
Heap after GC invocations=16 (full 3):
 PSYoungGen      total 202240K, used 23545K [0x00000000e0000000, 0x00000000eec80000, 0x0000000100000000)
  eden space 178688K, 0% used [0x00000000e0000000,0x00000000e0000000,0x00000000eae80000)
  from space 23552K, 99% used [0x00000000eb280000,0x00000000ec97e7b8,0x00000000ec980000)
  to   space 31744K, 0% used [0x00000000ecd80000,0x00000000ecd80000,0x00000000eec80000)
 ParOldGen       total 239104K, used 49820K [0x00000000a0000000, 0x00000000ae980000, 0x00000000e0000000)
  object space 239104K, 20% used [0x00000000a0000000,0x00000000a30a70f8,0x00000000ae980000)
 Metaspace       used 79085K, capacity 82018K, committed 82304K, reserved 1120256K
  class space    used 10362K, capacity 11106K, committed 11136K, reserved 1048576K
}
Event: 454.346 GC heap before
{Heap before GC invocations=17 (full 3):
 PSYoungGen      total 202240K, used 202233K [0x00000000e0000000, 0x00000000eec80000, 0x0000000100000000)
  eden space 178688K, 100% used [0x00000000e0000000,0x00000000eae80000,0x00000000eae80000)
  from space 23552K, 99% used [0x00000000eb280000,0x00000000ec97e7b8,0x00000000ec980000)
  to   space 31744K, 0% used [0x00000000ecd80000,0x00000000ecd80000,0x00000000eec80000)
 ParOldGen       total 239104K, used 49820K [0x00000000a0000000, 0x00000000ae980000, 0x00000000e0000000)
  object space 239104K, 20% used [0x00000000a0000000,0x00000000a30a70f8,0x00000000ae980000)
 Metaspace       used 87140K, capacity 90190K, committed 90496K, reserved 1128448K
  class space    used 11270K, capacity 12076K, committed 12160K, reserved 1048576K
Event: 454.407 GC heap after
Heap after GC invocations=17 (full 3):
 PSYoungGen      total 202240K, used 31740K [0x00000000e0000000, 0x00000000f1200000, 0x0000000100000000)
  eden space 170496K, 0% used [0x00000000e0000000,0x00000000e0000000,0x00000000ea680000)
  from space 31744K, 99% used [0x00000000ecd80000,0x00000000eec7f230,0x00000000eec80000)
  to   space 39936K, 0% used [0x00000000ea680000,0x00000000ea680000,0x00000000ecd80000)
 ParOldGen       total 239104K, used 60023K [0x00000000a0000000, 0x00000000ae980000, 0x00000000e0000000)
  object space 239104K, 25% used [0x00000000a0000000,0x00000000a3a9dfa0,0x00000000ae980000)
 Metaspace       used 87140K, capacity 90190K, committed 90496K, reserved 1128448K
  class space    used 11270K, capacity 12076K, committed 12160K, reserved 1048576K
}
Event: 456.520 GC heap before
{Heap before GC invocations=18 (full 3):
 PSYoungGen      total 202240K, used 202109K [0x00000000e0000000, 0x00000000f1200000, 0x0000000100000000)
  eden space 170496K, 99% used [0x00000000e0000000,0x00000000ea6602a8,0x00000000ea680000)
  from space 31744K, 99% used [0x00000000ecd80000,0x00000000eec7f230,0x00000000eec80000)
  to   space 39936K, 0% used [0x00000000ea680000,0x00000000ea680000,0x00000000ecd80000)
 ParOldGen       total 239104K, used 60023K [0x00000000a0000000, 0x00000000ae980000, 0x00000000e0000000)
  object space 239104K, 25% used [0x00000000a0000000,0x00000000a3a9dfa0,0x00000000ae980000)
 Metaspace       used 89772K, capacity 92930K, committed 93312K, reserved 1130496K
  class space    used 11530K, capacity 12344K, committed 12416K, reserved 1048576K
Event: 456.555 GC heap after
Heap after GC invocations=18 (full 3):
 PSYoungGen      total 210432K, used 31287K [0x00000000e0000000, 0x00000000f1500000, 0x0000000100000000)
  eden space 170496K, 0% used [0x00000000e0000000,0x00000000e0000000,0x00000000ea680000)
  from space 39936K, 78% used [0x00000000ea680000,0x00000000ec50df08,0x00000000ecd80000)
  to   space 43008K, 0% used [0x00000000eeb00000,0x00000000eeb00000,0x00000000f1500000)
 ParOldGen       total 239104K, used 69108K [0x00000000a0000000, 0x00000000ae980000, 0x00000000e0000000)
  object space 239104K, 28% used [0x00000000a0000000,0x00000000a437d3b0,0x00000000ae980000)
 Metaspace       used 89772K, capacity 92930K, committed 93312K, reserved 1130496K
  class space    used 11530K, capacity 12344K, committed 12416K, reserved 1048576K
}
Event: 456.571 GC heap before
{Heap before GC invocations=19 (full 3):
 PSYoungGen      total 210432K, used 201697K [0x00000000e0000000, 0x00000000f1500000, 0x0000000100000000)
  eden space 170496K, 99% used [0x00000000e0000000,0x00000000ea66a6d0,0x00000000ea680000)
  from space 39936K, 78% used [0x00000000ea680000,0x00000000ec50df08,0x00000000ecd80000)
  to   space 43008K, 0% used [0x00000000eeb00000,0x00000000eeb00000,0x00000000f1500000)
 ParOldGen       total 239104K, used 69108K [0x00000000a0000000, 0x00000000ae980000, 0x00000000e0000000)
  object space 239104K, 28% used [0x00000000a0000000,0x00000000a437d3b0,0x00000000ae980000)
 Metaspace       used 89781K, capacity 92930K, committed 93312K, reserved 1130496K
  class space    used 11530K, capacity 12344K, committed 12416K, reserved 1048576K
Event: 456.599 GC heap after
Heap after GC invocations=19 (full 3):
 PSYoungGen      total 239616K, used 28907K [0x00000000e0000000, 0x00000000f5380000, 0x0000000100000000)
  eden space 196608K, 0% used [0x00000000e0000000,0x00000000e0000000,0x00000000ec000000)
  from space 43008K, 67% used [0x00000000eeb00000,0x00000000f073af98,0x00000000f1500000)
  to   space 44032K, 0% used [0x00000000ec000000,0x00000000ec000000,0x00000000eeb00000)
 ParOldGen       total 239104K, used 69116K [0x00000000a0000000, 0x00000000ae980000, 0x00000000e0000000)
  object space 239104K, 28% used [0x00000000a0000000,0x00000000a437f3b0,0x00000000ae980000)
 Metaspace       used 89781K, capacity 92930K, committed 93312K, reserved 1130496K
  class space    used 11530K, capacity 12344K, committed 12416K, reserved 1048576K
}

Deoptimization events (10 events):
Event: 456.729 Thread 0x0000000019887800 Uncommon trap: reason=unstable_if action=reinterpret pc=0x0000000004d6ba64 method=org.gradle.api.internal.file.pattern.PatternMatcherFactory$PathMatcherBackedSpec.isSatisfiedBy(Lorg/gradle/api/file/RelativePath;)Z @ 11
Event: 456.729 Thread 0x0000000019887800 Uncommon trap: reason=unstable_if action=reinterpret pc=0x00000000043b48a0 method=org.gradle.api.specs.OrSpec.isSatisfiedBy(Ljava/lang/Object;)Z @ 42
Event: 456.782 Thread 0x0000000019887800 Uncommon trap: reason=unstable_if action=reinterpret pc=0x000000000476e564 method=java.lang.String.regionMatches(ZILjava/lang/String;II)Z @ 102
Event: 456.782 Thread 0x0000000019887800 Uncommon trap: reason=unstable_if action=reinterpret pc=0x0000000004d5d8c4 method=org.gradle.api.internal.file.pattern.FixedStepPathMatcher.matches([Ljava/lang/String;I)Z @ 10
Event: 456.821 Thread 0x0000000019887800 Uncommon trap: reason=class_check action=maybe_recompile pc=0x0000000004c49cb0 method=java.util.Spliterators$1Adapter.hasNext()Z @ 12
Event: 456.825 Thread 0x0000000019887800 Uncommon trap: reason=bimorphic action=maybe_recompile pc=0x00000000040dcb54 method=java.security.MessageDigest$Delegate.clone()Ljava/lang/Object; @ 14
Event: 456.825 Thread 0x0000000019887800 Uncommon trap: reason=bimorphic action=maybe_recompile pc=0x00000000040dcb54 method=java.security.MessageDigest$Delegate.clone()Ljava/lang/Object; @ 14
Event: 457.067 Thread 0x0000000019887800 Uncommon trap: reason=class_check action=maybe_recompile pc=0x0000000004c49cb0 method=java.util.Spliterators$1Adapter.hasNext()Z @ 12
Event: 457.081 Thread 0x0000000019889000 Uncommon trap: reason=bimorphic action=maybe_recompile pc=0x0000000004e0b64c method=com.google.common.collect.SortedIterables.comparator(Ljava/util/SortedSet;)Ljava/util/Comparator; @ 1
Event: 457.081 Thread 0x0000000019889000 Uncommon trap: reason=bimorphic action=maybe_recompile pc=0x0000000004e0b64c method=com.google.common.collect.SortedIterables.comparator(Ljava/util/SortedSet;)Ljava/util/Comparator; @ 1

Classes redefined (0 events):
No events

Internal exceptions (10 events):
Event: 451.005 Thread 0x0000000019883800 Exception <a 'sun/nio/fs/WindowsException'> (0x00000000e41929a8) thrown at [D:\src\AOSP-openjdk-cygwin\jdk8u\hotspot\src\share\vm\prims\jni.cpp, line 709]
Event: 451.005 Thread 0x0000000019883800 Exception <a 'sun/nio/fs/WindowsException'> (0x00000000e41932f0) thrown at [D:\src\AOSP-openjdk-cygwin\jdk8u\hotspot\src\share\vm\prims\jni.cpp, line 709]
Event: 451.008 Thread 0x0000000019884800 Exception <a 'sun/nio/fs/WindowsException'> (0x00000000e41d2a80) thrown at [D:\src\AOSP-openjdk-cygwin\jdk8u\hotspot\src\share\vm\prims\jni.cpp, line 709]
Event: 451.010 Thread 0x0000000019884800 Exception <a 'sun/nio/fs/WindowsException'> (0x00000000e41e89c0) thrown at [D:\src\AOSP-openjdk-cygwin\jdk8u\hotspot\src\share\vm\prims\jni.cpp, line 709]
Event: 451.010 Thread 0x0000000019884800 Exception <a 'sun/nio/fs/WindowsException'> (0x00000000e41e9300) thrown at [D:\src\AOSP-openjdk-cygwin\jdk8u\hotspot\src\share\vm\prims\jni.cpp, line 709]
Event: 451.010 Thread 0x0000000019883000 Exception <a 'sun/nio/fs/WindowsException'> (0x00000000e4168ff0) thrown at [D:\src\AOSP-openjdk-cygwin\jdk8u\hotspot\src\share\vm\prims\jni.cpp, line 709]
Event: 451.013 Thread 0x0000000019883000 Exception <a 'sun/nio/fs/WindowsException'> (0x00000000e4234528) thrown at [D:\src\AOSP-openjdk-cygwin\jdk8u\hotspot\src\share\vm\prims\jni.cpp, line 709]
Event: 451.013 Thread 0x0000000019883000 Exception <a 'sun/nio/fs/WindowsException'> (0x00000000e4234e58) thrown at [D:\src\AOSP-openjdk-cygwin\jdk8u\hotspot\src\share\vm\prims\jni.cpp, line 709]
Event: 452.289 Thread 0x0000000019880000 Exception <a 'java/lang/NoSuchMethodError': java.lang.Object.lambda$comparingInt$7b0bb60$1(Ljava/util/function/ToIntFunction;Ljava/lang/Object;Ljava/lang/Object;)I> (0x00000000e447eec8) thrown at [D:\src\AOSP-openjdk-cygwin\jdk8u\hotspot\src\share\vm\inte
Event: 456.146 Thread 0x0000000019887800 Exception <a 'java/lang/NoSuchMethodError': java.lang.Object.newSystemTemporaryDirectory()Lcom/android/tools/build/apkzlib/bytestorage/TemporaryDirectory;> (0x00000000e29f8888) thrown at [D:\src\AOSP-openjdk-cygwin\jdk8u\hotspot\src\share\vm\interpreter\l

Events (10 events):
Event: 457.080 loading class com/android/build/api/transform/JarInput
Event: 457.080 loading class com/android/build/api/transform/JarInput done
Event: 457.081 Thread 0x0000000019889000 Uncommon trap: trap_request=0xffffffc6 fr.pc=0x0000000004e0b64c
Event: 457.081 Thread 0x0000000019889000 DEOPT PACKING pc=0x0000000004e0b64c sp=0x000000002661e210
Event: 457.081 Thread 0x0000000019889000 DEOPT UNPACKING pc=0x00000000028f557b sp=0x000000002661e110 mode 2
Event: 457.081 Thread 0x0000000019889000 Uncommon trap: trap_request=0xffffffc6 fr.pc=0x0000000004e0b64c
Event: 457.081 Thread 0x0000000019889000 DEOPT PACKING pc=0x0000000004e0b64c sp=0x000000002661e210
Event: 457.081 Thread 0x0000000019889000 DEOPT UNPACKING pc=0x00000000028f557b sp=0x000000002661e110 mode 2
Event: 457.135 Thread 0x0000000019884800 DEOPT PACKING pc=0x00000000031bee64 sp=0x0000000025e1df80
Event: 457.135 Thread 0x0000000019884800 DEOPT UNPACKING pc=0x00000000028f75d0 sp=0x0000000025e1de38 mode 0


Dynamic libraries:
0x00007ff605a90000 - 0x00007ff605ac1000 	C:\Program Files\Android\Android Studio\jre\bin\java.exe
0x00007ff80fcb0000 - 0x00007ff80fe9d000 	C:\WINDOWS\SYSTEM32\ntdll.dll
0x00007ff80d170000 - 0x00007ff80d223000 	C:\WINDOWS\System32\KERNEL32.DLL
0x00007ff80c870000 - 0x00007ff80cb03000 	C:\WINDOWS\System32\KERNELBASE.dll
0x00007ff80f770000 - 0x00007ff80f813000 	C:\WINDOWS\System32\ADVAPI32.dll
0x00007ff80d240000 - 0x00007ff80d2de000 	C:\WINDOWS\System32\msvcrt.dll
0x00007ff80df10000 - 0x00007ff80dfae000 	C:\WINDOWS\System32\sechost.dll
0x00007ff80d4c0000 - 0x00007ff80d5e2000 	C:\WINDOWS\System32\RPCRT4.dll
0x00007ff80f570000 - 0x00007ff80f707000 	C:\WINDOWS\System32\USER32.dll
0x00007ff80be90000 - 0x00007ff80beb0000 	C:\WINDOWS\System32\win32u.dll
0x00007ff80cf60000 - 0x00007ff80cf89000 	C:\WINDOWS\System32\GDI32.dll
0x00007ff80ccf0000 - 0x00007ff80ce8a000 	C:\WINDOWS\System32\gdi32full.dll
0x00007ff80bee0000 - 0x00007ff80bf80000 	C:\WINDOWS\System32\msvcp_win.dll
0x00007ff80bf80000 - 0x00007ff80c07c000 	C:\WINDOWS\System32\ucrtbase.dll
0x00007ffffc320000 - 0x00007ffffc599000 	C:\WINDOWS\WinSxS\amd64_microsoft.windows.common-controls_6595b64144ccf1df_6.0.17763.194_none_05b3366207211c42\COMCTL32.dll
0x00007ff80d6e0000 - 0x00007ff80da0d000 	C:\WINDOWS\System32\combase.dll
0x00007ff80c7d0000 - 0x00007ff80c84e000 	C:\WINDOWS\System32\bcryptPrimitives.dll
0x00007ff80d490000 - 0x00007ff80d4be000 	C:\WINDOWS\System32\IMM32.DLL
0x0000000066900000 - 0x00000000669d2000 	C:\Program Files\Android\Android Studio\jre\jre\bin\msvcr100.dll
0x000000006a3d0000 - 0x000000006ac11000 	C:\Program Files\Android\Android Studio\jre\jre\bin\server\jvm.dll
0x00007ff80d650000 - 0x00007ff80d658000 	C:\WINDOWS\System32\PSAPI.DLL
0x00007fffebf60000 - 0x00007fffebf69000 	C:\WINDOWS\SYSTEM32\WSOCK32.dll
0x00007ff80dea0000 - 0x00007ff80df0d000 	C:\WINDOWS\System32\WS2_32.dll
0x00007ff8081c0000 - 0x00007ff8081e4000 	C:\WINDOWS\SYSTEM32\WINMM.dll
0x00007ff800f60000 - 0x00007ff800f6a000 	C:\WINDOWS\SYSTEM32\VERSION.dll
0x00007ff808100000 - 0x00007ff80812d000 	C:\WINDOWS\SYSTEM32\WINMMBASE.dll
0x00007ff80ce90000 - 0x00007ff80ceda000 	C:\WINDOWS\System32\cfgmgr32.dll
0x00007ff8077d0000 - 0x00007ff8077df000 	C:\Program Files\Android\Android Studio\jre\jre\bin\verify.dll
0x00007ff8071a0000 - 0x00007ff8071c9000 	C:\Program Files\Android\Android Studio\jre\jre\bin\java.dll
0x00007ff8061c0000 - 0x00007ff8061d6000 	C:\Program Files\Android\Android Studio\jre\jre\bin\zip.dll
0x00007ff80e080000 - 0x00007ff80f56f000 	C:\WINDOWS\System32\SHELL32.dll
0x00007ff80f980000 - 0x00007ff80fa28000 	C:\WINDOWS\System32\shcore.dll
0x00007ff80c080000 - 0x00007ff80c7ca000 	C:\WINDOWS\System32\windows.storage.dll
0x00007ff80bcb0000 - 0x00007ff80bcd4000 	C:\WINDOWS\System32\profapi.dll
0x00007ff80bd20000 - 0x00007ff80bd7d000 	C:\WINDOWS\System32\powrprof.dll
0x00007ff80d5f0000 - 0x00007ff80d642000 	C:\WINDOWS\System32\shlwapi.dll
0x00007ff80bd00000 - 0x00007ff80bd11000 	C:\WINDOWS\System32\kernel.appcore.dll
0x00007ff80c850000 - 0x00007ff80c867000 	C:\WINDOWS\System32\cryptsp.dll
0x00007ff8061a0000 - 0x00007ff8061ba000 	C:\Program Files\Android\Android Studio\jre\jre\bin\net.dll
0x00007ff80b540000 - 0x00007ff80b5a7000 	C:\WINDOWS\system32\mswsock.dll
0x00007ff806180000 - 0x00007ff806191000 	C:\Program Files\Android\Android Studio\jre\jre\bin\nio.dll
0x00007ff8060e0000 - 0x00007ff8060fe000 	C:\Users\Alex\.gradle\native\25\windows-amd64\native-platform.dll
0x00007ff8077c0000 - 0x00007ff8077cd000 	C:\Program Files\Android\Android Studio\jre\jre\bin\management.dll
0x00007ff80b100000 - 0x00007ff80b133000 	C:\WINDOWS\system32\rsaenh.dll
0x00007ff80beb0000 - 0x00007ff80bed6000 	C:\WINDOWS\System32\bcrypt.dll
0x00007ff80bbe0000 - 0x00007ff80bc08000 	C:\WINDOWS\SYSTEM32\USERENV.dll
0x00007ff80b710000 - 0x00007ff80b71c000 	C:\WINDOWS\SYSTEM32\CRYPTBASE.dll
0x00007ff80b2a0000 - 0x00007ff80b2dd000 	C:\WINDOWS\SYSTEM32\IPHLPAPI.DLL
0x00007ff80d230000 - 0x00007ff80d238000 	C:\WINDOWS\System32\NSI.dll
0x00007ff802f10000 - 0x00007ff802f26000 	C:\WINDOWS\SYSTEM32\dhcpcsvc6.DLL
0x00007ff802ef0000 - 0x00007ff802f0c000 	C:\WINDOWS\SYSTEM32\dhcpcsvc.DLL
0x00007ff80b2e0000 - 0x00007ff80b3a6000 	C:\WINDOWS\SYSTEM32\DNSAPI.dll
0x00007ffffc240000 - 0x00007ffffc264000 	C:\Program Files\Android\Android Studio\jre\jre\bin\sunec.dll
0x00007ffffd0f0000 - 0x00007ffffd0fa000 	C:\Windows\System32\rasadhlp.dll
0x00007fffff7d0000 - 0x00007fffff849000 	C:\WINDOWS\System32\fwpuclnt.dll
0x00007ff8062c0000 - 0x00007ff8062cb000 	C:\Program Files\Android\Android Studio\jre\jre\bin\sunmscapi.dll
0x00007ff80cb10000 - 0x00007ff80cceb000 	C:\WINDOWS\System32\CRYPT32.dll
0x00007ff80bce0000 - 0x00007ff80bcf2000 	C:\WINDOWS\System32\MSASN1.dll
0x00007ffff7310000 - 0x00007ffff74a7000 	C:\Program Files\Android\Android Studio\jre\jre\bin\awt.dll
0x00007ff80dfb0000 - 0x00007ff80e07b000 	C:\WINDOWS\System32\OLEAUT32.dll
0x00007ff808a80000 - 0x00007ff80903e000 	C:\WINDOWS\SYSTEM32\d2d1.dll
0x00007ff809cc0000 - 0x00007ff809d4c000 	C:\WINDOWS\SYSTEM32\apphelp.dll
0x00007ff80a020000 - 0x00007ff80a04e000 	C:\WINDOWS\system32\DWMAPI.DLL
0x00007ff809f30000 - 0x00007ff809fcc000 	C:\WINDOWS\system32\uxtheme.dll

VM Arguments:
jvm_args: -Xmx1536m -Dfile.encoding=windows-1251 -Duser.country=RU -Duser.language=ru -Duser.variant 
java_command: org.gradle.launcher.daemon.bootstrap.GradleDaemon 4.10.1
java_class_path (initial): C:\Users\Alex\.gradle\wrapper\dists\gradle-4.10.1-all\455itskqi2qtf0v2sja68alqd\gradle-4.10.1\lib\gradle-launcher-4.10.1.jar
Launcher Type: SUN_STANDARD

Environment Variables:
JAVA_HOME=C:\Program Files\Java\jdk1.8.0_161
PATH=C:\ProgramData\Oracle\Java\javapath;C:\Windows\system32;C:\Windows;C:\Windows\System32\Wbem;C:\Windows\System32\WindowsPowerShell\v1.0\;C:\Program Files (x86)\NVIDIA Corporation\PhysX\Common;C:\Program Files\dotnet\;C:\Program Files\Microsoft\Web Platform Installer\;C:\Program Files (x86)\Microsoft SQL Server\100\Tools\Binn\;C:\Program Files\Microsoft SQL Server\100\Tools\Binn\;C:\Program Files\Microsoft SQL Server\100\DTS\Binn\;C:\Program Files (x86)\Microsoft SQL Server\100\Tools\Binn\VSShell\Common7\IDE\;C:\Program Files (x86)\Microsoft Visual Studio 9.0\Common7\IDE\PrivateAssemblies\;C:\Program Files (x86)\Microsoft SQL Server\100\DTS\Binn\;C:\WINDOWS\system32;C:\WINDOWS;C:\WINDOWS\System32\Wbem;C:\WINDOWS\System32\WindowsPowerShell\v1.0\;C:\WINDOWS\System32\OpenSSH\;C:\Program Files\Java\jdk1.8.0_161\bin;C:\cygwin64\bin;C:\Program Files\NVIDIA Corporation\NVIDIA NvDLISR;C:\WINDOWS\system32;C:\WINDOWS;C:\WINDOWS\System32\Wbem;C:\WINDOWS\System32\WindowsPowerShell\v1.0\;C:\WINDOWS\System32\OpenSSH\;C:\Program Files\Git\cmd;C:\Users\Alex\AppData\Local\Microsoft\WindowsApps;C:\Users\Alex\AppData\Local\GitHubDesktop\bin;%USERPROFILE%\AppData\Local\Microsoft\WindowsApps;
USERNAME=Alex
OS=Windows_NT
PROCESSOR_IDENTIFIER=Intel64 Family 6 Model 142 Stepping 9, GenuineIntel



---------------  S Y S T E M  ---------------

OS: Windows 10.0 , 64 bit Build 17763 (10.0.17763.1)

CPU:total 4 (initial active 4) (2 cores per cpu, 2 threads per core) family 6 model 142 stepping 9, cmov, cx8, fxsr, mmx, sse, sse2, sse3, ssse3, sse4.1, sse4.2, popcnt, avx, avx2, aes, clmul, erms, 3dnowpref, lzcnt, ht, tsc, tscinvbit, bmi1, bmi2, adx

Memory: 4k page, physical 16648932k(1899408k free), swap 25037540k(5796k free)

vm_info: OpenJDK 64-Bit Server VM (25.152-b01) for windows-amd64 JRE (1.8.0_152-release-1248-b01), built by "builder" with MS VC++ 10.0 (VS2010)

time: Thu Mar 28 13:05:13 2019
elapsed time: 457 seconds (0d 0h 7m 37s)

